<?xml version="1.0" encoding="UTF-8"?>
<testng-results ignored="0" total="1" passed="1" failed="0" skipped="0">
  <reporter-output>
  </reporter-output>
  <suite started-at="2025-04-18T12:00:14 IST" name="Default suite" finished-at="2025-04-18T12:00:30 IST" duration-ms="16507">
    <groups>
    </groups>
    <test started-at="2025-04-18T12:00:14 IST" name="Default test" finished-at="2025-04-18T12:00:30 IST" duration-ms="16507">
      <class name="jenkins.WorkInJenkins">
        <test-method signature="lounch()[pri:0, instance:jenkins.WorkInJenkins@2b71e916]" started-at="2025-04-18T12:00:14 IST" name="lounch" finished-at="2025-04-18T12:00:30 IST" duration-ms="16438" status="PASS">
          <reporter-output>
          </reporter-output>
        </test-method> <!-- lounch -->
      </class> <!-- jenkins.WorkInJenkins -->
    </test> <!-- Default test -->
  </suite> <!-- Default suite -->
</testng-results>
